 ****************************************************************************
 *                                                                          *
 *                                  ABCI                                    *
 *                                                                          *
 * Azimuthal Beam Cavity Interaction in a cylindrically symmetric structure *
 *                                                                          *
 *  SAMPLE INPUT #1  RF GUN                                                 *
 *                                                                          *
 *     DATE:19/ 3/16   TIME:13:43:19     VERSION 9.4,  JANUARY  1995        *
 *                                                                          *
 ****************************************************************************


 $FILE:
 SAVE FIELDS INTO FILE  (LSAV)  :  F
 RECOVER FROM FILE      (LREC)  :  F
 CPUTIME MONITOR ACTIVE (LCPUTM):  F

 $BOUN:
 BOUNDARY CONDITIONS     LEFT   : OPEN              
 BOUNDARY CONDITIONS     RIGHT  : OPEN              

 $MESH:
 NUMBER OF MESH LINES IN R      : NR   =      91
 NUMBER OF MESH LINES IN Z      : NZ   =     500
 NUMBER OF MESH POINTS          : NP   =   45500
 TOTAL RADIUS OF THE STRUCTURE  : RAD  =  0.45000E-01(M)
 TOTAL LENGTH OF THE STRUCTURE  : ZL   =  0.25000    (M)
 STEP SIZE IN R                 : DDR  =  0.50000E-03(M)
 STEP SIZE IN Z                 : DDZ  =  0.50000E-03(M)

 #CAVITYSHAPE (##CAVITYSHAPE) :  FULL CELL INPUT 

 INPUT:       (R, Z)                   (IR, IZ)
 (    0.0000       0.0000     )  (       1      1 )
 (   0.30000E-02   0.0000     )  (       7      1 )
 (   0.30000E-02  0.50000E-01 )  (       7    101 )
 (   0.43000E-01  0.50000E-01 )  (      87    101 )
 (   0.43000E-01  0.70000E-01 )  (      87    141 )
 CONNECTED BY A CONVEX  CIRCLE, IKIND=-1,  RADIUS= -0.30000E-02
 (   0.40000E-01  0.73000E-01 )  (      81    147 )
 (   0.38000E-01  0.73000E-01 )  (      77    147 )
 CONNECTED BY AN ELLIPSE,       IKIND=-3,  (RM, ZM)=     (   0.38000E-01  0.83000E-01 )
 (   0.18000E-01  0.83000E-01 )  (      37    167 )
 CONNECTED BY AN ELLIPSE,       IKIND=-3,  (RM, ZM)=     (   0.38000E-01  0.83000E-01 )
 (   0.38000E-01  0.93000E-01 )  (      77    187 )
 (   0.41000E-01  0.93000E-01 )  (      83    187 )
 CONNECTED BY A CONVEX  CIRCLE, IKIND=-1,  RADIUS= -0.30000E-02
 (   0.44000E-01  0.96000E-01 )  (      89    193 )
 (   0.44000E-01  0.12600     )  (      89    253 )
 (   0.38000E-01  0.12600     )  (      77    253 )
 CONNECTED BY AN ELLIPSE,       IKIND=-3,  (RM, ZM)=     (   0.38000E-01  0.13600     )
 (   0.14000E-01  0.13600     )  (      29    273 )
 CONNECTED BY AN ELLIPSE,       IKIND=-3,  (RM, ZM)=     (   0.38000E-01  0.13670     )
 (   0.38000E-01  0.14670     )  (      77    294 ) ---> (   0.38000E-01  0.14650     )
 (   0.42000E-01  0.14600     )  (      85    293 )
 CONNECTED BY A CONVEX  CIRCLE, IKIND=-1,  RADIUS= -0.30000E-02
 (   0.45000E-01  0.14900     )  (      91    299 )
 (   0.45000E-01  0.25000     )  (      91    500 )
 (    0.0000      0.25000     )  (       1    501 )
 (    0.0000       0.0000     )  (       1      1 )

 $BEAM:
 SIGMA OF THE GAUSSIAN BUNCH    : SIG  =  0.30000E-02(M)
 NUMBER OF STAND.DEV. USED      : ISIG = +/-  5
 RADIAL BEAM OFFSET AT          :RDRIVE=  0.30000E-02(M)
 MODE NUMBER (MONOPOLE/DIPOLE)  : MROT =      0

 $WAKE:
 RADIAL WAKE OFFSET        (LEFT)   AT  R   =  0.30000E-02(M)
                           (RIGHT)  AND R   =  0.45000E-01(M)
 WAKE    BETWEEN THE BUNCH  COORDINATES UBF =   0.0000    (M)
                                    AND UBT =   1.2000    (M)
 WINDOW FOR FRONT                 (LCFRON)  :  T
 WINDOW FOR BACK                  (LCBACK)  :  T
 CHIN WAKE INTEGRATION METHOD     (LCHIN )  :  F
 NAPOLY WAKE INTEGRATION METHOD   (LNAPOLY) :  T
 CONVENTIONAL INTEGRATION METHOD  (LNONAP)  :  F
 WAKE FOR A COUNTER-ROTATING BEAM (LCRBW)   :  F
 STARTING Z FOR INTEGRAL AT RWAK: ZCF  =  0.20000E-01(M)
 LAST Z FOR INTEGRAL AT RWAK    : ZCT  =  0.23000    (M)
 RADIAL OFFSET FOR WAKE INTEGRAL: RWAK =  0.20000E-02(M)
 NUMBER OF WAKE POTENTIAL POINTS: NW   =    2401

 $TIME:
 TIME STEPS TO BE PROCESSED     : NT   =  11605
 NUMBER OF TIME STEPS/MESH STEP : MT   =      4
 VELOCITY OF THE BUNCH / C      : BETA =   1.0000    
 TIME-STEP VALUE                : DT   =  0.41696    (PS)
 TIME FOR A PARTICLE TO PASS    : PT   =   833.91    (PS)

 $PLOT:
 PLOT OF CAVITY SHAPE INPUT       (LCAVIN)  :  T
 PLOT OF CAVITY SHAPE USED        (LCAVUS)  :  T
 PLOT OF NAPOLY-ZOTTER CONTOUR    (LPATH)   :  F
 PLOT OF ALL WAKE POTENTIALS      (LPLW)    :  T
 PLOT OF AZIMUTHAL WAKE POTENTIAL (LPLWA)   :  F
 PLOT OF TRANSVERSE WAKE POTENT.  (LPLWT)   :  F
 PLOT OF LONGITUDINAL WAKE POTENT.(LPLWL)   :  F
 PLOT OF FFT OF WAKE POTENTIALS   (LFFT)    :  T
 PLOT OF FFT OF AZIMUTHAL WAKE    (LFFTA)   :  F
 PLOT OF FFT OF TRANSVERSE WAKE   (LFFTT)   :  F
 PLOT OF FFT OF LONGITUDINAL WAKE (LFFTL)   :  F
 PLOT OF INTEGRATION OF IMPEDANCE (LINTZ)   :  F
 PLOT OF ENERGY LOSS SPECTRUM     (LSPEC)   :  F
 PLOT OF ELECTRIC FIELD LINES     (LPLE)    :  F
 PLOT OF TOTAL CURRENT LINES      (LPLC)    :  F
 SWITCH FROM ABSOLUTE TO RELATVE  (LPALL)   :  F
 NUMBER OF CONTOUR LINES        : NPLOT=      10
 ENHANCEMENT FACTOR FOR FFT PLOT:EXPFAC=   20.000    
 CUTOFF FREQUENCY FOR FFT PLOT  :CUTOFF=   38.957    (GHZ)
 WINDOWING FOR FOURIER TRANSFORMS (LWNDW)   :  T
 WINDOW FUNCTION                : NWFUN=       1
 WINDOW PARAMETER FOR WIDTH     : ALPHA=   3.0000    

 $PRIN:
 PRINTOUT OF CAVITY SHAPE USED    (LMATPR)  :  T
 PRINTOUT OF WAKE POTENTIALS      (LPRW)    :  F
 SAVE WAKE POTENTIALS IN A FILE   (LSVW)    :  F
 SAVE AZIMUTHAL WAKE IN A FILE    (LSVWA)   :  F
 SAVE TRANSVERSE WAKE IN A FILE   (LSVWT)   :  F
 SAVE LONGITUDINAL WAKE IN A FILE (LSVWL)   :  F
 SAVE FFT RESULTS IN A FILE       (LSVF)    :  F
0*** CAUTION *** YOU MUST NOW USE NAPOLY INTEGRATION FOR CALCULATION OF THE WAKE POTENTIALS.
 YOUR CASE: LNAPOLY= T
 IF LNAPOLY=F, ABCI NOW CHANGES IT TO LNAPOLY=T.
 CHECK IF THE CONTOUR IS VALID.
1CAVITY SHAPE 
 .=VACUUM ; L,/=TRIANGULAR FILLED MESH CELL ; *=FULL METAL ; B=BEAM

 ************************************************************************************************************************
 ************************************************************************************************************************
 ************************************************************************************************************************
 ************************************************************************************************************************
 ************************************************************************************************************************
 ****************************************************************************************************....................
 ****************************************************************************************************....................
 ****************************************************************************************************....................
 ****************************************************************************************************....................
 ****************************************************************************************************....................
 ****************************************************************************************************....................
 ****************************************************************************************************....................
 ****************************************************************************************************....................
 ****************************************************************************************************....................
 ****************************************************************************************************....................
 ****************************************************************************************************....................
 ****************************************************************************************************....................
 ****************************************************************************************************....................
 ****************************************************************************************************....................
 ****************************************************************************************************....................
 ****************************************************************************************************....................
 ****************************************************************************************************....................
 ****************************************************************************************************....................
 ****************************************************************************************************....................
 ****************************************************************************************************....................
 ****************************************************************************************************....................
 ****************************************************************************************************....................
 ****************************************************************************************************....................
 ****************************************************************************************************....................
 ****************************************************************************************************....................
 ****************************************************************************************************....................
 ****************************************************************************************************....................
 ****************************************************************************************************....................
 ****************************************************************************************************....................
 ****************************************************************************************************....................
 ****************************************************************************************************....................
 ****************************************************************************************************....................
 ****************************************************************************************************....................
 ****************************************************************************************************....................
 ****************************************************************************************************....................
 ****************************************************************************************************....................
 ****************************************************************************************************....................
 ****************************************************************************************************....................
 ****************************************************************************************************....................
 ****************************************************************************************************....................
 ****************************************************************************************************....................
 ****************************************************************************************************....................
 ****************************************************************************************************....................
 ****************************************************************************************************....................
 ****************************************************************************************************....................
 ****************************************************************************************************....................
 ****************************************************************************************************....................
 ****************************************************************************************************....................
 ****************************************************************************************************....................
 ****************************************************************************************************....................
 ****************************************************************************************************....................
 ****************************************************************************************************....................
 ****************************************************************************************************....................
 ****************************************************************************************************....................
 ****************************************************************************************************....................
 ****************************************************************************************************....................
 ****************************************************************************************************....................
 ****************************************************************************************************....................
 ****************************************************************************************************....................
 ****************************************************************************************************....................
 ****************************************************************************************************....................
 ****************************************************************************************************....................
 ****************************************************************************************************....................
 ****************************************************************************************************....................
 ****************************************************************************************************....................
 ****************************************************************************************************....................
 ****************************************************************************************************....................
 ****************************************************************************************************....................
 ****************************************************************************************************....................
 ****************************************************************************************************....................
 ****************************************************************************************************....................
 ****************************************************************************************************....................
 ****************************************************************************************************....................
 ****************************************************************************************************....................
 ****************************************************************************************************....................
 ****************************************************************************************************....................
 ****************************************************************************************************....................
 ****************************************************************************************************....................
 ****************************************************************************************************....................
 B***************************************************************************************************....................
 ........................................................................................................................
 ........................................................................................................................
 ........................................................................................................................
 ........................................................................................................................
 ........................................................................................................................
 ........................................................................................................................
1
 ************************************************************************************************************************
 ************************************************************************************************************************
 ************************************************************************************************************************
 *********************************************************************/..................................................
 ********************************************************************/...................................................
 ......................L********************************************/....................................................
 .......................L******************************************/.....................................................
 ........................L*****************************************......................................................
 .........................L****************************************......................................................
 ..........................****************************************......................................................
 ..........................****************************************......................................................
 ..........................****************************************......................................................
 ..........................****************************************......................................................
 ..........................****************************************......................................................
 ..........................****************************************......................................................
 ..........................****************************************......................................................
 ..........................****************************************......................................................
 ..........................****************************************......................................................
 ..........................****************************************......................................................
 ..........................****************************************......................................................
 ..........................****************************************......................................................
 ..........................****************************************......................................................
 ..........................****************************************......................................................
 ..........................L**************************************/......................................................
 ...........................**************************************.......................................................
 ...........................**************************************.......................................................
 ...........................**************************************.......................................................
 ...........................**************************************.......................................................
 ...........................**************************************.......................................................
 ...........................**************************************.......................................................
 ...........................L************************************/.......................................................
 ............................************************************........................................................
 ............................************************************........................................................
 ............................************************************........................................................
 ............................L**********************************/........................................................
 .............................**********************************.........................................................
 .............................**********************************.........................................................
 .............................L********************************/.........................................................
 ..............................********************************..........................................................
 ..............................********************************..........................................................
 ..............................L******************************/..........................................................
 ...............................******************************...........................................................
 ...............................L****************************/...........................................................
 ................................****************************............................................................
 ................................L**************************/............................................................
 .................................**************************.............................................................
 .................................L************************/.............................................................
 ..................................L**********************/..............................................................
 ...................................**********************...............................................................
 ...................................L********************/...............................................................
 ....................................L******************/................................................................
 .....................................L****************/.................................................................
 .......................................L************/...................................................................
 ........................................L**********/....................................................................
 ..........................................L******/......................................................................
 ........................................................................................................................
 ........................................................................................................................
 ........................................................................................................................
 ........................................................................................................................
 ........................................................................................................................
 ........................................................................................................................
 ........................................................................................................................
 ........................................................................................................................
 ........................................................................................................................
 ........................................................................................................................
 ........................................................................................................................
 ........................................................................................................................
 ........................................................................................................................
 ........................................................................................................................
 ........................................................................................................................
 ........................................................................................................................
 ........................................................................................................................
 ........................................................................................................................
 ........................................................................................................................
 ........................................................................................................................
 ........................................................................................................................
 ........................................................................................................................
 ........................................................................................................................
 ........................................................................................................................
 ........................................................................................................................
 ........................................................................................................................
 ........................................................................................................................
 ........................................................................................................................
 ........................................................................................................................
 ........................................................................................................................
 ........................................................................................................................
 ........................................................................................................................
 ........................................................................................................................
 ........................................................................................................................
 ........................................................................................................................
 ........................................................................................................................
1
 ************************************************************************************************************************
 *******************************************************/................................................................
 ******************************************************/.................................................................
 ............*****************************************/..................................................................
 ............****************************************/...................................................................
 ............****************************************....................................................................
 ............****************************************....................................................................
 ............****************************************....................................................................
 ............****************************************....................................................................
 ............****************************************....................................................................
 ............****************************************....................................................................
 ............****************************************L...................................................................
 ............*****************************************...................................................................
 ............*****************************************...................................................................
 ............*****************************************...................................................................
 ............*****************************************...................................................................
 ............*****************************************...................................................................
 ............*****************************************...................................................................
 ............*****************************************...................................................................
 ............*****************************************...................................................................
 ............*****************************************...................................................................
 ............*****************************************...................................................................
 ............*****************************************...................................................................
 ............*****************************************...................................................................
 ............*****************************************...................................................................
 ............L****************************************...................................................................
 .............****************************************...................................................................
 .............****************************************...................................................................
 .............****************************************...................................................................
 .............***************************************/...................................................................
 .............***************************************....................................................................
 .............***************************************....................................................................
 .............***************************************....................................................................
 .............L**************************************....................................................................
 ..............**************************************....................................................................
 ..............*************************************/....................................................................
 ..............*************************************.....................................................................
 ..............*************************************.....................................................................
 ..............L************************************.....................................................................
 ...............***********************************/.....................................................................
 ...............***********************************......................................................................
 ...............***********************************......................................................................
 ...............L**********************************......................................................................
 ................*********************************/......................................................................
 ................*********************************.......................................................................
 ................L********************************.......................................................................
 .................*******************************/.......................................................................
 .................*******************************........................................................................
 .................L******************************........................................................................
 ..................*****************************/........................................................................
 ..................L****************************.........................................................................
 ...................***************************/.........................................................................
 ...................L**************************..........................................................................
 ....................*************************/..........................................................................
 ....................L************************...........................................................................
 .....................L**********************/...........................................................................
 ......................*********************/............................................................................
 ......................L*******************/.............................................................................
 .......................L*****************/..............................................................................
 ........................L****************...............................................................................
 .........................L*************/................................................................................
 ...........................L**********/.................................................................................
 .............................L******/...................................................................................
 ........................................................................................................................
 ........................................................................................................................
 ........................................................................................................................
 ........................................................................................................................
 ........................................................................................................................
 ........................................................................................................................
 ........................................................................................................................
 ........................................................................................................................
 ........................................................................................................................
 ........................................................................................................................
 ........................................................................................................................
 ........................................................................................................................
 ........................................................................................................................
 ........................................................................................................................
 ........................................................................................................................
 ........................................................................................................................
 ........................................................................................................................
 ........................................................................................................................
 ........................................................................................................................
 ........................................................................................................................
 ........................................................................................................................
 ........................................................................................................................
 ........................................................................................................................
 ........................................................................................................................
 ........................................................................................................................
 ........................................................................................................................
 ........................................................................................................................
 ........................................................................................................................
1
 ************************************************************************************************************************
 ........................................................................................................................
 ........................................................................................................................
 ........................................................................................................................
 ........................................................................................................................
 ........................................................................................................................
 ........................................................................................................................
 ........................................................................................................................
 ........................................................................................................................
 ........................................................................................................................
 ........................................................................................................................
 ........................................................................................................................
 ........................................................................................................................
 ........................................................................................................................
 ........................................................................................................................
 ........................................................................................................................
 ........................................................................................................................
 ........................................................................................................................
 ........................................................................................................................
 ........................................................................................................................
 ........................................................................................................................
 ........................................................................................................................
 ........................................................................................................................
 ........................................................................................................................
 ........................................................................................................................
 ........................................................................................................................
 ........................................................................................................................
 ........................................................................................................................
 ........................................................................................................................
 ........................................................................................................................
 ........................................................................................................................
 ........................................................................................................................
 ........................................................................................................................
 ........................................................................................................................
 ........................................................................................................................
 ........................................................................................................................
 ........................................................................................................................
 ........................................................................................................................
 ........................................................................................................................
 ........................................................................................................................
 ........................................................................................................................
 ........................................................................................................................
 ........................................................................................................................
 ........................................................................................................................
 ........................................................................................................................
 ........................................................................................................................
 ........................................................................................................................
 ........................................................................................................................
 ........................................................................................................................
 ........................................................................................................................
 ........................................................................................................................
 ........................................................................................................................
 ........................................................................................................................
 ........................................................................................................................
 ........................................................................................................................
 ........................................................................................................................
 ........................................................................................................................
 ........................................................................................................................
 ........................................................................................................................
 ........................................................................................................................
 ........................................................................................................................
 ........................................................................................................................
 ........................................................................................................................
 ........................................................................................................................
 ........................................................................................................................
 ........................................................................................................................
 ........................................................................................................................
 ........................................................................................................................
 ........................................................................................................................
 ........................................................................................................................
 ........................................................................................................................
 ........................................................................................................................
 ........................................................................................................................
 ........................................................................................................................
 ........................................................................................................................
 ........................................................................................................................
 ........................................................................................................................
 ........................................................................................................................
 ........................................................................................................................
 ........................................................................................................................
 ........................................................................................................................
 ........................................................................................................................
 ........................................................................................................................
 ........................................................................................................................
 ........................................................................................................................
 ........................................................................................................................
 ........................................................................................................................
 ........................................................................................................................
 ........................................................................................................................
 ........................................................................................................................
 ........................................................................................................................
1
 ********************
 ....................
 ....................
 ....................
 ....................
 ....................
 ....................
 ....................
 ....................
 ....................
 ....................
 ....................
 ....................
 ....................
 ....................
 ....................
 ....................
 ....................
 ....................
 ....................
 ....................
 ....................
 ....................
 ....................
 ....................
 ....................
 ....................
 ....................
 ....................
 ....................
 ....................
 ....................
 ....................
 ....................
 ....................
 ....................
 ....................
 ....................
 ....................
 ....................
 ....................
 ....................
 ....................
 ....................
 ....................
 ....................
 ....................
 ....................
 ....................
 ....................
 ....................
 ....................
 ....................
 ....................
 ....................
 ....................
 ....................
 ....................
 ....................
 ....................
 ....................
 ....................
 ....................
 ....................
 ....................
 ....................
 ....................
 ....................
 ....................
 ....................
 ....................
 ....................
 ....................
 ....................
 ....................
 ....................
 ....................
 ....................
 ....................
 ....................
 ....................
 ....................
 ....................
 ....................
 ....................
 ....................
 ....................
 ....................
 ....................
 ....................
 ....................
1PROBLEM : SAMPLE INPUT #1  RF GUN                                                  19/ 3/16 13:43:19     SIG/M= 3.000E-03  MROT= 0
                                                                        CPUTIME USED: 8.783E+00(S)   DDR= 5.000E-04  DDZ= 5.000E-04
 (A,T,L,P) = WAKE POTENTIAL AS A FUNCTION OF THE BUNCH COORDINATES S IN (M), (*)=BUNCH SHAPE,  FRONT LEFT     LCHIN= F   LNAPOLY= T
  1.00E+00 +**-----------------+-------------------+-------------------+-------------------+-------------------+-------------------+
           I**                 I                   I                   I                   I                   I                   I
           I**                 I                   I                   I                   I                   I                   I
           I                   I                   I                   I                   I                   I                   I
           I**                 I                   I                   I                   I                   I                   I
           I                   I                   I                   I                   I                   I                   I
           I**                 I                   I                   I                   I                   I                   I
           I                   I                   I                   I                   I                   I                   I
           I**                 I                   I                   I                   I                   I                   I
           I                   I                   I                   I                   I                   I                   I
  5.00E-01 +**-----------------+-------------------+-------------------+-------------------+-------------------+-------------------+
           I                LL I                   I                   LL                  I         L         I                   I
           I**     L        LL I      LL         L I                   LL      LL          I         LL        I          L        I
           I      LL        LL I      LL        LLLI                   LL      LL        L I         LL       LLL         LL       I
           I**    LL       LLL I      LL        L LI      LLL          LL      LLL       L LL       LLL       LLLL      L LL       I
           I**   LLL      LLPP I      LLL       L LI      LLLLL       LPP      LLLL      LLLL       LPL       LI L      L LL       I
           I**  LL P      L PP I     LPPL      LPPPL      L LLL      LLPP      PPLL     LPLLL       LPP       PPPL      L PPL    LLI
           I** LLPPPLL    PPPP I     LPPPL     LP PL     LPPPPP    LLLLPP      PPPP     LPPPP       PPP       PPPP      PLPPL    LLI
           I*LLPPP PPP    P  PLI    LPP PL     PP PP     PP PPP    PPPPPP     LPPPP     PPPPPL      P PL      PI P     LPPPPP    PPI
           I*PPP   PPP    P  PPL    PP  PP     P   P  L  P    P    PPPPPP     PPP PP    P PIPP     PP  P     LPI P     PPP  PP   PPI
  0.00E+00 PPP*****PPP****P***PP***PP****P*****P***PP*PP*P****P****P****PP***PP****P****P****PP***PP***P*P***P***PPP***P*P**PP***PPP
           IPP      PP  PPP    PP  P     LP  P P   PP PP P    PP  PP   I P  PPP    PPP  P  I  PP PP    PPPP  P I PPP   P     P   PPP
           IPP       P PPPL    LPPPP      PPPPPP   IP PPPP    LPPPP    I PP PLL    LLPPPP  I  LP PL    LP PPPP I LPPP PL     LPPPP L
           IPP       LPPLL     ILPPP      PP LPL   ILPPPPL     PPPP    I LPPP       LPPPL  I  LPPP     LP PPPL I  LLPPPL     LPPLL I
           ILP       LPPLL     ILPPP      L LLL    ILPLPPL     LLPP    I LPPL        LPLL  I   LPP      L LLLL I    L L       PPLL I
           IPL        PP       ILLLL      LL  L    I PLLL      LLPL    I LLLL        LLL   I   LLL      L LLL  I    LLL       PPLL I
           IPP        PL       I LLL      LL       I LLLL      LLLL    I  LL         LL    I    LL        LL   I     LL       LL   I
           I P        LL       I LLL               I L LL      L LL    I  LL          L    I    LL        L    I              LL   I
           IPL        LL       I  LL               I L  L        L     I   L          L    I                   I              LL   I
           I P        LL       I                   I L           L     I                   I                   I              LL   I
 -5.00E-01 +PL--------LL-------+-------------------+-------------------+-------------------+-------------------+-------------------+
           I P        L        I                   I                   I                   I                   I                   I
           IPL                 I                   I                   I                   I                   I                   I
           I P                 I                   I                   I                   I                   I                   I
           IPL                 I                   I                   I                   I                   I                   I
           I P                 I                   I                   I                   I                   I                   I
           IPL                 I                   I                   I                   I                   I                   I
           ILP                 I                   I                   I                   I                   I                   I
           IPP                 I                   I                   I                   I                   I                   I
           IPL                 I                   I                   I                   I                   I                   I
 -1.00E+00 +PP-----------------+-------------------+-------------------+-------------------+-------------------+-------------------+
0       0.00E+00            2.00E-01            4.00E-01            6.00E-01            8.00E-01            1.00E+00

 LINE CHARGE DENSITY MIN/MAX= 0.000E+00/ 1.330E+02    C/M**1, SCALE= 1.330E+02    C/M**1, PASSING    AT R= 3.000E-03 M
 LONGITUDINAL WAKE   MIN/MAX=-7.350E+00/ 3.455E+00 V/PC/M**0, SCALE= 7.350E+00 V/PC/M**0
 WAKE WITH LOG, TERM MIN/MAX=-1.380E+01/ 3.455E+00 V/PC/M**0, SCALE= 1.380E+01 V/PC/M**0
0
 INTEGRATED  LONGITUDINAL WAKE * CHARGE DENSITY = -5.006E+00 V/PC/M**0   (FIRST/LAST HALF = -2.623E+00/-2.383E+00 V/PC/M**0)
 WITH LOG. TERM DUE TO UNEQUAL BEAM PIPE RADII  = -9.583E+00 V/PC/M**0
1
 **********************************************************************************************************************************

 ABCI ENDED WITHOUT ERROR          TOTAL CPU TIME USED:       9.0 (S)

 **********************************************************************************************************************************
